<?xml version="1.0" encoding="UTF-8"?>
<!-- Generated by org.testng.reporters.JUnitReportReporter -->
<testsuite hostname="Tommy" failures="1" tests="1" name="cucumberOptions.FailedTestRunner" time="12.270" errors="0" timestamp="2023-12-21T23:08:30 WIB" skipped="0">
  <testcase classname="cucumberOptions.FailedTestRunner" name="runScenario" time="12.270">
    <failure message="expected [Cucumber] but found [No data]" type="java.lang.AssertionError">
      <![CDATA[java.lang.AssertionError: expected [Cucumber] but found [No data]
at org.testng.Assert.fail(Assert.java:111)
at org.testng.Assert.failNotEquals(Assert.java:1578)
at org.testng.Assert.assertEqualsImpl(Assert.java:150)
at org.testng.Assert.assertEquals(Assert.java:132)
at org.testng.Assert.assertEquals(Assert.java:656)
at org.testng.Assert.assertEquals(Assert.java:666)
at stepDefinitions.OfferPageStepDefinition.validate_if_product_is_exist_with_same_name(OfferPageStepDefinition.java:69)
at âœ½.validate if product is exist with same name(file:///C:/Users/tommy/eclipse-workspace/CucumberProject/src/test/java/features/SearchMultipleProduct.feature:9)
]]>
    </failure>
  </testcase> <!-- runScenario -->
</testsuite> <!-- cucumberOptions.FailedTestRunner -->
